<?xml version="1.0" encoding="UTF-8"?>
<!-- Generated by org.testng.reporters.JUnitReportReporter -->
<testsuite skipped="0" hostname="DESKTOP-M8G91GG" name="com.swaglab.qa.testclass.loginpagetest" tests="3" failures="0" timestamp="07 May 2019 14:12:33 GMT" time="23.307" errors="0">
  <testcase name="loginpagetitletest" time="6.218" classname="com.swaglab.qa.testclass.loginpagetest"/>
  <testcase name="loginpagelogotest" time="7.160" classname="com.swaglab.qa.testclass.loginpagetest"/>
  <testcase name="logintest" time="9.929" classname="com.swaglab.qa.testclass.loginpagetest"/>
</testsuite> <!-- com.swaglab.qa.testclass.loginpagetest -->
