<?xml version="1.0" encoding="UTF-8"?>
<!-- Generated by org.testng.reporters.JUnitReportReporter -->
<testsuite skipped="0" hostname="DESKTOP-M8G91GG" name="com.swaglab.qa.testclass.cartpagetest" tests="3" failures="0" timestamp="07 May 2019 12:23:54 GMT" time="61.716" errors="0">
  <testcase name="verifyproductdetailstest" time="20.560" classname="com.swaglab.qa.testclass.cartpagetest"/>
  <testcase name="clickcontinueshopingbtntest" time="20.622" classname="com.swaglab.qa.testclass.cartpagetest"/>
  <testcase name="clickcheckoutbtntest" time="20.534" classname="com.swaglab.qa.testclass.cartpagetest"/>
</testsuite> <!-- com.swaglab.qa.testclass.cartpagetest -->
