<?xml version="1.0" encoding="UTF-8"?>
<!-- Generated by org.testng.reporters.JUnitReportReporter -->
<testsuite skipped="0" hostname="DESKTOP-M8G91GG" name="com.swaglab.qa.testclass.homepagetest" tests="2" failures="0" timestamp="07 May 2019 12:23:54 GMT" time="29.272" errors="0">
  <testcase name="verifyhomepagetitletest" time="9.203" classname="com.swaglab.qa.testclass.homepagetest"/>
  <testcase name="productlisttest" time="20.069" classname="com.swaglab.qa.testclass.homepagetest"/>
</testsuite> <!-- com.swaglab.qa.testclass.homepagetest -->
