<?xml version="1.0" encoding="UTF-8"?>
<!-- Generated by org.testng.reporters.JUnitReportReporter -->
<testsuite skipped="0" hostname="DESKTOP-M8G91GG" name="com.swaglab.qa.testclass.labpagetest" tests="3" failures="0" timestamp="07 May 2019 12:23:54 GMT" time="60.517" errors="0">
  <testcase name="verifyproductdetailstest" time="20.014" classname="com.swaglab.qa.testclass.labpagetest"/>
  <testcase name="verifyproductpricetest" time="20.029" classname="com.swaglab.qa.testclass.labpagetest"/>
  <testcase name="addtocartbtntest" time="20.474" classname="com.swaglab.qa.testclass.labpagetest"/>
</testsuite> <!-- com.swaglab.qa.testclass.labpagetest -->
