<?xml version="1.0" encoding="UTF-8"?>
<!-- Generated by org.testng.reporters.JUnitReportReporter -->
<testsuite skipped="0" hostname="DESKTOP-M8G91GG" name="com.swaglab.qa.testclass.overviewpagetest" tests="3" failures="0" timestamp="07 May 2019 12:23:54 GMT" time="65.388" errors="0">
  <testcase name="verifyproductdetailstest" time="21.627" classname="com.swaglab.qa.testclass.overviewpagetest"/>
  <testcase name="clickcancelbtntest" time="21.791" classname="com.swaglab.qa.testclass.overviewpagetest"/>
  <testcase name="clickfinishbtntest" time="21.970" classname="com.swaglab.qa.testclass.overviewpagetest"/>
</testsuite> <!-- com.swaglab.qa.testclass.overviewpagetest -->
