<?xml version="1.0" encoding="UTF-8"?>
<!-- Generated by org.testng.reporters.JUnitReportReporter -->
<testsuite skipped="0" hostname="DESKTOP-M8G91GG" name="com.swaglab.qa.testclass.checkoutpagetest" tests="2" failures="0" timestamp="07 May 2019 12:23:54 GMT" time="45.790" errors="0">
  <testcase name="checkoutdetailstest" time="20.946" classname="com.swaglab.qa.testclass.checkoutpagetest"/>
  <testcase name="clickcancelbtntest" time="24.844" classname="com.swaglab.qa.testclass.checkoutpagetest"/>
</testsuite> <!-- com.swaglab.qa.testclass.checkoutpagetest -->
